2017-08-28 09:56:06 [main] INFO  - com.gaea.game.logic.LogicServer - Starting LogicServer on DESKTOP-B2NI8A2 with PID 6404 (E:\gaea\game\LogicServer\target\classes started by alan in E:\gaea\game\LogicServer)
2017-08-28 09:56:06 [main] INFO  - com.gaea.game.logic.LogicServer - No active profile set, falling back to default profiles: default
2017-08-28 09:56:07 [main] INFO  - org.springframework.boot.context.embedded.AnnotationConfigEmbeddedWebApplicationContext - Refreshing org.springframework.boot.context.embedded.AnnotationConfigEmbeddedWebApplicationContext@6771beb3: startup date [Mon Aug 28 09:56:07 CST 2017]; root of context hierarchy
2017-08-28 09:56:07 [background-preinit] INFO  - org.hibernate.validator.internal.util.Version - HV000001: Hibernate Validator 5.3.5.Final
2017-08-28 09:56:07 [main] INFO  - org.springframework.data.repository.config.RepositoryConfigurationDelegate - Multiple Spring Data modules found, entering strict repository configuration mode!
2017-08-28 09:56:07 [main] INFO  - org.springframework.data.repository.config.RepositoryConfigurationDelegate - Multiple Spring Data modules found, entering strict repository configuration mode!
2017-08-28 09:56:08 [main] INFO  - org.springframework.boot.context.embedded.tomcat.TomcatEmbeddedServletContainer - Tomcat initialized with port(s): 8080 (http)
2017-08-28 09:56:08 [main] INFO  - org.apache.catalina.core.StandardService - Starting service Tomcat
2017-08-28 09:56:08 [main] INFO  - org.apache.catalina.core.StandardEngine - Starting Servlet Engine: Apache Tomcat/8.5.14
2017-08-28 09:56:08 [localhost-startStop-1] INFO  - org.apache.catalina.core.ContainerBase.[Tomcat].[localhost].[/] - Initializing Spring embedded WebApplicationContext
2017-08-28 09:56:08 [localhost-startStop-1] INFO  - org.springframework.web.context.ContextLoader - Root WebApplicationContext: initialization completed in 1555 ms
2017-08-28 09:56:08 [localhost-startStop-1] INFO  - org.springframework.boot.web.servlet.ServletRegistrationBean - Mapping servlet: 'dispatcherServlet' to [/]
2017-08-28 09:56:08 [localhost-startStop-1] INFO  - org.springframework.boot.web.servlet.FilterRegistrationBean - Mapping filter: 'characterEncodingFilter' to: [/*]
2017-08-28 09:56:08 [localhost-startStop-1] INFO  - org.springframework.boot.web.servlet.FilterRegistrationBean - Mapping filter: 'hiddenHttpMethodFilter' to: [/*]
2017-08-28 09:56:08 [localhost-startStop-1] INFO  - org.springframework.boot.web.servlet.FilterRegistrationBean - Mapping filter: 'httpPutFormContentFilter' to: [/*]
2017-08-28 09:56:08 [localhost-startStop-1] INFO  - org.springframework.boot.web.servlet.FilterRegistrationBean - Mapping filter: 'requestContextFilter' to: [/*]
2017-08-28 09:56:08 [main] INFO  - com.gaea.game.base.config.RedisConfig - JedisConnectionFactory bean init success.
2017-08-28 09:56:09 [main] INFO  - org.mongodb.driver.cluster - Cluster created with settings {hosts=[192.168.7.30:27017], mode=SINGLE, requiredClusterType=UNKNOWN, serverSelectionTimeout='30000 ms', maxWaitQueueSize=500}
2017-08-28 09:56:09 [cluster-ClusterId{value='59a378393466d01904858382', description='null'}-192.168.7.30:27017] INFO  - org.mongodb.driver.connection - Opened connection [connectionId{localValue:1, serverValue:5}] to 192.168.7.30:27017
2017-08-28 09:56:09 [cluster-ClusterId{value='59a378393466d01904858382', description='null'}-192.168.7.30:27017] INFO  - org.mongodb.driver.cluster - Monitor thread successfully connected to server with description ServerDescription{address=192.168.7.30:27017, type=STANDALONE, state=CONNECTED, ok=true, version=ServerVersion{versionList=[3, 4, 7]}, minWireVersion=0, maxWireVersion=5, maxDocumentSize=16777216, roundTripTimeNanos=1002099}
2017-08-28 09:56:09 [main] WARN  - org.springframework.boot.context.embedded.AnnotationConfigEmbeddedWebApplicationContext - Exception encountered during context initialization - cancelling refresh attempt: org.springframework.beans.factory.UnsatisfiedDependencyException: Error creating bean with name 'webSocketConfig': Unsatisfied dependency expressed through field 'messageHandler'; nested exception is org.springframework.beans.factory.NoSuchBeanDefinitionException: No qualifying bean of type 'com.gaea.game.base.ws.WSMessageHandler' available: expected at least 1 bean which qualifies as autowire candidate. Dependency annotations: {@org.springframework.beans.factory.annotation.Autowired(required=true)}
2017-08-28 09:56:09 [main] WARN  - org.springframework.beans.factory.support.DisposableBeanAdapter - Invocation of destroy method 'close' failed on bean with name 'timerCenter': java.lang.NullPointerException
2017-08-28 09:56:09 [main] INFO  - org.apache.catalina.core.StandardService - Stopping service Tomcat
2017-08-28 09:56:09 [main] INFO  - org.springframework.boot.autoconfigure.logging.AutoConfigurationReportLoggingInitializer - 

Error starting ApplicationContext. To display the auto-configuration report re-run your application with 'debug' enabled.
2017-08-28 09:56:09 [main] ERROR - org.springframework.boot.diagnostics.LoggingFailureAnalysisReporter - 

***************************
APPLICATION FAILED TO START
***************************

Description:

Field messageHandler in com.gaea.game.base.ws.WebSocketConfig required a bean of type 'com.gaea.game.base.ws.WSMessageHandler' that could not be found.


Action:

Consider defining a bean of type 'com.gaea.game.base.ws.WSMessageHandler' in your configuration.

2017-08-28 10:02:02 [main] INFO  - com.gaea.game.logic.LogicServer - Starting LogicServer on DESKTOP-B2NI8A2 with PID 9364 (E:\gaea\game\LogicServer\target\classes started by alan in E:\gaea\game\LogicServer)
2017-08-28 10:02:02 [main] INFO  - com.gaea.game.logic.LogicServer - No active profile set, falling back to default profiles: default
2017-08-28 10:02:03 [main] INFO  - org.springframework.boot.context.embedded.AnnotationConfigEmbeddedWebApplicationContext - Refreshing org.springframework.boot.context.embedded.AnnotationConfigEmbeddedWebApplicationContext@3754a4bf: startup date [Mon Aug 28 10:02:03 CST 2017]; root of context hierarchy
2017-08-28 10:02:03 [background-preinit] INFO  - org.hibernate.validator.internal.util.Version - HV000001: Hibernate Validator 5.3.5.Final
2017-08-28 10:02:03 [main] INFO  - org.springframework.data.repository.config.RepositoryConfigurationDelegate - Multiple Spring Data modules found, entering strict repository configuration mode!
2017-08-28 10:02:03 [main] INFO  - org.springframework.data.repository.config.RepositoryConfigurationDelegate - Multiple Spring Data modules found, entering strict repository configuration mode!
2017-08-28 10:02:04 [main] INFO  - org.springframework.boot.context.embedded.tomcat.TomcatEmbeddedServletContainer - Tomcat initialized with port(s): 8080 (http)
2017-08-28 10:02:04 [main] INFO  - org.apache.catalina.core.StandardService - Starting service Tomcat
2017-08-28 10:02:04 [main] INFO  - org.apache.catalina.core.StandardEngine - Starting Servlet Engine: Apache Tomcat/8.5.14
2017-08-28 10:02:04 [localhost-startStop-1] INFO  - org.apache.catalina.core.ContainerBase.[Tomcat].[localhost].[/] - Initializing Spring embedded WebApplicationContext
2017-08-28 10:02:04 [localhost-startStop-1] INFO  - org.springframework.web.context.ContextLoader - Root WebApplicationContext: initialization completed in 1207 ms
2017-08-28 10:02:04 [localhost-startStop-1] INFO  - org.springframework.boot.web.servlet.ServletRegistrationBean - Mapping servlet: 'dispatcherServlet' to [/]
2017-08-28 10:02:04 [localhost-startStop-1] INFO  - org.springframework.boot.web.servlet.FilterRegistrationBean - Mapping filter: 'characterEncodingFilter' to: [/*]
2017-08-28 10:02:04 [localhost-startStop-1] INFO  - org.springframework.boot.web.servlet.FilterRegistrationBean - Mapping filter: 'hiddenHttpMethodFilter' to: [/*]
2017-08-28 10:02:04 [localhost-startStop-1] INFO  - org.springframework.boot.web.servlet.FilterRegistrationBean - Mapping filter: 'httpPutFormContentFilter' to: [/*]
2017-08-28 10:02:04 [localhost-startStop-1] INFO  - org.springframework.boot.web.servlet.FilterRegistrationBean - Mapping filter: 'requestContextFilter' to: [/*]
2017-08-28 10:02:04 [main] INFO  - com.gaea.game.base.config.RedisConfig - JedisConnectionFactory bean init success.
2017-08-28 10:02:04 [main] INFO  - org.mongodb.driver.cluster - Cluster created with settings {hosts=[192.168.7.30:27017], mode=SINGLE, requiredClusterType=UNKNOWN, serverSelectionTimeout='30000 ms', maxWaitQueueSize=500}
2017-08-28 10:02:04 [cluster-ClusterId{value='59a3799c3466d0249445b244', description='null'}-192.168.7.30:27017] INFO  - org.mongodb.driver.connection - Opened connection [connectionId{localValue:1, serverValue:6}] to 192.168.7.30:27017
2017-08-28 10:02:04 [cluster-ClusterId{value='59a3799c3466d0249445b244', description='null'}-192.168.7.30:27017] INFO  - org.mongodb.driver.cluster - Monitor thread successfully connected to server with description ServerDescription{address=192.168.7.30:27017, type=STANDALONE, state=CONNECTED, ok=true, version=ServerVersion{versionList=[3, 4, 7]}, minWireVersion=0, maxWireVersion=5, maxDocumentSize=16777216, roundTripTimeNanos=998686}
2017-08-28 10:02:05 [main] INFO  - org.springframework.web.servlet.mvc.method.annotation.RequestMappingHandlerAdapter - Looking for @ControllerAdvice: org.springframework.boot.context.embedded.AnnotationConfigEmbeddedWebApplicationContext@3754a4bf: startup date [Mon Aug 28 10:02:03 CST 2017]; root of context hierarchy
2017-08-28 10:02:05 [main] INFO  - org.springframework.web.servlet.mvc.method.annotation.RequestMappingHandlerMapping - Mapped "{[/error]}" onto public org.springframework.http.ResponseEntity<java.util.Map<java.lang.String, java.lang.Object>> org.springframework.boot.autoconfigure.web.BasicErrorController.error(javax.servlet.http.HttpServletRequest)
2017-08-28 10:02:05 [main] INFO  - org.springframework.web.servlet.mvc.method.annotation.RequestMappingHandlerMapping - Mapped "{[/error],produces=[text/html]}" onto public org.springframework.web.servlet.ModelAndView org.springframework.boot.autoconfigure.web.BasicErrorController.errorHtml(javax.servlet.http.HttpServletRequest,javax.servlet.http.HttpServletResponse)
2017-08-28 10:02:05 [main] INFO  - org.springframework.web.servlet.handler.SimpleUrlHandlerMapping - Mapped URL path [/webjars/**] onto handler of type [class org.springframework.web.servlet.resource.ResourceHttpRequestHandler]
2017-08-28 10:02:05 [main] INFO  - org.springframework.web.servlet.handler.SimpleUrlHandlerMapping - Mapped URL path [/**] onto handler of type [class org.springframework.web.servlet.resource.ResourceHttpRequestHandler]
2017-08-28 10:02:05 [main] INFO  - org.springframework.web.servlet.handler.SimpleUrlHandlerMapping - Mapped URL path [/**/favicon.ico] onto handler of type [class org.springframework.web.servlet.resource.ResourceHttpRequestHandler]
2017-08-28 10:02:05 [main] WARN  - org.springframework.boot.starter.redis.RedisStarterDeprecationWarningAutoConfiguration - spring-boot-starter-redis is deprecated as of Spring Boot 1.4, please migrate to spring-boot-starter-data-redis
2017-08-28 10:02:05 [main] INFO  - org.springframework.jmx.export.annotation.AnnotationMBeanExporter - Registering beans for JMX exposure on startup
2017-08-28 10:02:05 [main] INFO  - org.apache.coyote.http11.Http11NioProtocol - Initializing ProtocolHandler ["http-nio-8080"]
2017-08-28 10:02:05 [main] INFO  - org.apache.coyote.http11.Http11NioProtocol - Starting ProtocolHandler ["http-nio-8080"]
2017-08-28 10:02:05 [main] INFO  - org.apache.tomcat.util.net.NioSelectorPool - Using a shared selector for servlet write/read
2017-08-28 10:02:05 [main] INFO  - org.springframework.boot.context.embedded.tomcat.TomcatEmbeddedServletContainer - Tomcat started on port(s): 8080 (http)
2017-08-28 10:02:05 [main] INFO  - org.springframework.boot.autoconfigure.logging.AutoConfigurationReportLoggingInitializer - 

Error starting ApplicationContext. To display the auto-configuration report re-run your application with 'debug' enabled.
2017-08-28 10:02:05 [main] ERROR - org.springframework.boot.SpringApplication - Application startup failed
java.lang.ExceptionInInitializerError: null
	at java.lang.Class.forName0(Native Method)
	at java.lang.Class.forName(Class.java:264)
	at org.alan.utils.ClassUtils.findAndAddClassesInPackageByFile(ClassUtils.java:291)
	at org.alan.utils.ClassUtils.findAndAddClassesInPackageByFile(ClassUtils.java:282)
	at org.alan.utils.ClassUtils.findAndAddClassesInPackageByFile(ClassUtils.java:282)
	at org.alan.utils.ClassUtils.findAndAddClassesInPackageByFile(ClassUtils.java:282)
	at org.alan.utils.ClassUtils.getClasses(ClassUtils.java:185)
	at org.alan.utils.ClassUtils.getAllClassByClass(ClassUtils.java:314)
	at com.gaea.game.logic.room.RoomManager.run(RoomManager.java:62)
	at org.springframework.boot.SpringApplication.callRunner(SpringApplication.java:776)
	at org.springframework.boot.SpringApplication.callRunners(SpringApplication.java:760)
	at org.springframework.boot.SpringApplication.afterRefresh(SpringApplication.java:747)
	at org.springframework.boot.SpringApplication.run(SpringApplication.java:315)
	at org.springframework.boot.SpringApplication.run(SpringApplication.java:1162)
	at org.springframework.boot.SpringApplication.run(SpringApplication.java:1151)
	at com.gaea.game.logic.LogicServer.main(LogicServer.java:23)
Caused by: java.lang.UnsupportedOperationException: null
	at java.util.AbstractList.remove(AbstractList.java:161)
	at java.util.AbstractList$Itr.remove(AbstractList.java:374)
	at java.util.AbstractCollection.remove(AbstractCollection.java:293)
	at com.gaea.game.logic.game.PokerCard.<clinit>(PokerCard.java:87)
	... 16 common frames omitted
2017-08-28 10:02:05 [main] INFO  - org.springframework.boot.context.embedded.AnnotationConfigEmbeddedWebApplicationContext - Closing org.springframework.boot.context.embedded.AnnotationConfigEmbeddedWebApplicationContext@3754a4bf: startup date [Mon Aug 28 10:02:03 CST 2017]; root of context hierarchy
2017-08-28 10:02:05 [main] INFO  - org.springframework.jmx.export.annotation.AnnotationMBeanExporter - Unregistering JMX-exposed beans on shutdown
2017-08-28 10:02:05 [main] WARN  - org.springframework.beans.factory.support.DisposableBeanAdapter - Invocation of destroy method 'close' failed on bean with name 'timerCenter': java.lang.NullPointerException
2017-08-28 10:07:44 [main] INFO  - com.gaea.game.logic.LogicServer - Starting LogicServer on DESKTOP-B2NI8A2 with PID 9912 (E:\gaea\game\LogicServer\target\classes started by alan in E:\gaea\game\LogicServer)
2017-08-28 10:07:44 [main] INFO  - com.gaea.game.logic.LogicServer - No active profile set, falling back to default profiles: default
2017-08-28 10:07:44 [main] INFO  - org.springframework.boot.context.embedded.AnnotationConfigEmbeddedWebApplicationContext - Refreshing org.springframework.boot.context.embedded.AnnotationConfigEmbeddedWebApplicationContext@48d61b48: startup date [Mon Aug 28 10:07:44 CST 2017]; root of context hierarchy
2017-08-28 10:07:45 [background-preinit] INFO  - org.hibernate.validator.internal.util.Version - HV000001: Hibernate Validator 5.3.5.Final
2017-08-28 10:07:45 [main] INFO  - org.springframework.data.repository.config.RepositoryConfigurationDelegate - Multiple Spring Data modules found, entering strict repository configuration mode!
2017-08-28 10:07:45 [main] INFO  - org.springframework.data.repository.config.RepositoryConfigurationDelegate - Multiple Spring Data modules found, entering strict repository configuration mode!
2017-08-28 10:07:46 [main] INFO  - org.springframework.boot.context.embedded.tomcat.TomcatEmbeddedServletContainer - Tomcat initialized with port(s): 8080 (http)
2017-08-28 10:07:46 [main] INFO  - org.apache.catalina.core.StandardService - Starting service Tomcat
2017-08-28 10:07:46 [main] INFO  - org.apache.catalina.core.StandardEngine - Starting Servlet Engine: Apache Tomcat/8.5.14
2017-08-28 10:07:46 [localhost-startStop-1] INFO  - org.apache.catalina.core.ContainerBase.[Tomcat].[localhost].[/] - Initializing Spring embedded WebApplicationContext
2017-08-28 10:07:46 [localhost-startStop-1] INFO  - org.springframework.web.context.ContextLoader - Root WebApplicationContext: initialization completed in 1260 ms
2017-08-28 10:07:46 [localhost-startStop-1] INFO  - org.springframework.boot.web.servlet.ServletRegistrationBean - Mapping servlet: 'dispatcherServlet' to [/]
2017-08-28 10:07:46 [localhost-startStop-1] INFO  - org.springframework.boot.web.servlet.FilterRegistrationBean - Mapping filter: 'characterEncodingFilter' to: [/*]
2017-08-28 10:07:46 [localhost-startStop-1] INFO  - org.springframework.boot.web.servlet.FilterRegistrationBean - Mapping filter: 'hiddenHttpMethodFilter' to: [/*]
2017-08-28 10:07:46 [localhost-startStop-1] INFO  - org.springframework.boot.web.servlet.FilterRegistrationBean - Mapping filter: 'httpPutFormContentFilter' to: [/*]
2017-08-28 10:07:46 [localhost-startStop-1] INFO  - org.springframework.boot.web.servlet.FilterRegistrationBean - Mapping filter: 'requestContextFilter' to: [/*]
2017-08-28 10:07:46 [main] INFO  - com.gaea.game.base.config.RedisConfig - JedisConnectionFactory bean init success.
2017-08-28 10:07:46 [main] INFO  - org.mongodb.driver.cluster - Cluster created with settings {hosts=[192.168.7.30:27017], mode=SINGLE, requiredClusterType=UNKNOWN, serverSelectionTimeout='30000 ms', maxWaitQueueSize=500}
2017-08-28 10:07:46 [cluster-ClusterId{value='59a37af23466d026b8110a0e', description='null'}-192.168.7.30:27017] INFO  - org.mongodb.driver.connection - Opened connection [connectionId{localValue:1, serverValue:7}] to 192.168.7.30:27017
2017-08-28 10:07:46 [cluster-ClusterId{value='59a37af23466d026b8110a0e', description='null'}-192.168.7.30:27017] INFO  - org.mongodb.driver.cluster - Monitor thread successfully connected to server with description ServerDescription{address=192.168.7.30:27017, type=STANDALONE, state=CONNECTED, ok=true, version=ServerVersion{versionList=[3, 4, 7]}, minWireVersion=0, maxWireVersion=5, maxDocumentSize=16777216, roundTripTimeNanos=1042774}
2017-08-28 10:07:47 [main] INFO  - org.springframework.web.servlet.mvc.method.annotation.RequestMappingHandlerAdapter - Looking for @ControllerAdvice: org.springframework.boot.context.embedded.AnnotationConfigEmbeddedWebApplicationContext@48d61b48: startup date [Mon Aug 28 10:07:44 CST 2017]; root of context hierarchy
2017-08-28 10:07:47 [main] INFO  - org.springframework.web.servlet.mvc.method.annotation.RequestMappingHandlerMapping - Mapped "{[/error]}" onto public org.springframework.http.ResponseEntity<java.util.Map<java.lang.String, java.lang.Object>> org.springframework.boot.autoconfigure.web.BasicErrorController.error(javax.servlet.http.HttpServletRequest)
2017-08-28 10:07:47 [main] INFO  - org.springframework.web.servlet.mvc.method.annotation.RequestMappingHandlerMapping - Mapped "{[/error],produces=[text/html]}" onto public org.springframework.web.servlet.ModelAndView org.springframework.boot.autoconfigure.web.BasicErrorController.errorHtml(javax.servlet.http.HttpServletRequest,javax.servlet.http.HttpServletResponse)
2017-08-28 10:07:47 [main] INFO  - org.springframework.web.servlet.handler.SimpleUrlHandlerMapping - Mapped URL path [/webjars/**] onto handler of type [class org.springframework.web.servlet.resource.ResourceHttpRequestHandler]
2017-08-28 10:07:47 [main] INFO  - org.springframework.web.servlet.handler.SimpleUrlHandlerMapping - Mapped URL path [/**] onto handler of type [class org.springframework.web.servlet.resource.ResourceHttpRequestHandler]
2017-08-28 10:07:47 [main] INFO  - org.springframework.web.servlet.handler.SimpleUrlHandlerMapping - Mapped URL path [/**/favicon.ico] onto handler of type [class org.springframework.web.servlet.resource.ResourceHttpRequestHandler]
2017-08-28 10:07:47 [main] WARN  - org.springframework.boot.starter.redis.RedisStarterDeprecationWarningAutoConfiguration - spring-boot-starter-redis is deprecated as of Spring Boot 1.4, please migrate to spring-boot-starter-data-redis
2017-08-28 10:07:47 [main] INFO  - org.springframework.jmx.export.annotation.AnnotationMBeanExporter - Registering beans for JMX exposure on startup
2017-08-28 10:07:47 [main] INFO  - org.apache.coyote.http11.Http11NioProtocol - Initializing ProtocolHandler ["http-nio-8080"]
2017-08-28 10:07:47 [main] INFO  - org.apache.coyote.http11.Http11NioProtocol - Starting ProtocolHandler ["http-nio-8080"]
2017-08-28 10:07:47 [main] INFO  - org.apache.tomcat.util.net.NioSelectorPool - Using a shared selector for servlet write/read
2017-08-28 10:07:47 [main] INFO  - org.springframework.boot.context.embedded.tomcat.TomcatEmbeddedServletContainer - Tomcat started on port(s): 8080 (http)
2017-08-28 10:08:08 [main] INFO  - org.mongodb.driver.connection - Opened connection [connectionId{localValue:2, serverValue:8}] to 192.168.7.30:27017
2017-08-28 10:08:08 [main] INFO  - com.gaea.game.logic.LogicServer - Started LogicServer in 23.779 seconds (JVM running for 24.384)
2017-08-28 10:08:31 [main] INFO  - com.gaea.game.logic.LogicServer - Starting LogicServer on DESKTOP-B2NI8A2 with PID 3628 (E:\gaea\game\LogicServer\target\classes started by alan in E:\gaea\game\LogicServer)
2017-08-28 10:08:31 [main] INFO  - com.gaea.game.logic.LogicServer - No active profile set, falling back to default profiles: default
2017-08-28 10:08:31 [main] INFO  - org.springframework.boot.context.embedded.AnnotationConfigEmbeddedWebApplicationContext - Refreshing org.springframework.boot.context.embedded.AnnotationConfigEmbeddedWebApplicationContext@48d61b48: startup date [Mon Aug 28 10:08:31 CST 2017]; root of context hierarchy
2017-08-28 10:08:32 [background-preinit] INFO  - org.hibernate.validator.internal.util.Version - HV000001: Hibernate Validator 5.3.5.Final
2017-08-28 10:08:32 [main] INFO  - org.springframework.data.repository.config.RepositoryConfigurationDelegate - Multiple Spring Data modules found, entering strict repository configuration mode!
2017-08-28 10:08:32 [main] INFO  - org.springframework.data.repository.config.RepositoryConfigurationDelegate - Multiple Spring Data modules found, entering strict repository configuration mode!
2017-08-28 10:08:33 [main] INFO  - org.springframework.boot.context.embedded.tomcat.TomcatEmbeddedServletContainer - Tomcat initialized with port(s): 8080 (http)
2017-08-28 10:08:33 [main] INFO  - org.apache.catalina.core.StandardService - Starting service Tomcat
2017-08-28 10:08:33 [main] INFO  - org.apache.catalina.core.StandardEngine - Starting Servlet Engine: Apache Tomcat/8.5.14
2017-08-28 10:08:33 [localhost-startStop-1] INFO  - org.apache.catalina.core.ContainerBase.[Tomcat].[localhost].[/] - Initializing Spring embedded WebApplicationContext
2017-08-28 10:08:33 [localhost-startStop-1] INFO  - org.springframework.web.context.ContextLoader - Root WebApplicationContext: initialization completed in 1251 ms
2017-08-28 10:08:33 [localhost-startStop-1] INFO  - org.springframework.boot.web.servlet.ServletRegistrationBean - Mapping servlet: 'dispatcherServlet' to [/]
2017-08-28 10:08:33 [localhost-startStop-1] INFO  - org.springframework.boot.web.servlet.FilterRegistrationBean - Mapping filter: 'characterEncodingFilter' to: [/*]
2017-08-28 10:08:33 [localhost-startStop-1] INFO  - org.springframework.boot.web.servlet.FilterRegistrationBean - Mapping filter: 'hiddenHttpMethodFilter' to: [/*]
2017-08-28 10:08:33 [localhost-startStop-1] INFO  - org.springframework.boot.web.servlet.FilterRegistrationBean - Mapping filter: 'httpPutFormContentFilter' to: [/*]
2017-08-28 10:08:33 [localhost-startStop-1] INFO  - org.springframework.boot.web.servlet.FilterRegistrationBean - Mapping filter: 'requestContextFilter' to: [/*]
2017-08-28 10:08:33 [main] INFO  - com.gaea.game.base.config.RedisConfig - JedisConnectionFactory bean init success.
2017-08-28 10:08:33 [main] INFO  - org.mongodb.driver.cluster - Cluster created with settings {hosts=[192.168.7.30:27017], mode=SINGLE, requiredClusterType=UNKNOWN, serverSelectionTimeout='30000 ms', maxWaitQueueSize=500}
2017-08-28 10:08:33 [cluster-ClusterId{value='59a37b213466d00e2c31b66d', description='null'}-192.168.7.30:27017] INFO  - org.mongodb.driver.connection - Opened connection [connectionId{localValue:1, serverValue:9}] to 192.168.7.30:27017
2017-08-28 10:08:33 [cluster-ClusterId{value='59a37b213466d00e2c31b66d', description='null'}-192.168.7.30:27017] INFO  - org.mongodb.driver.cluster - Monitor thread successfully connected to server with description ServerDescription{address=192.168.7.30:27017, type=STANDALONE, state=CONNECTED, ok=true, version=ServerVersion{versionList=[3, 4, 7]}, minWireVersion=0, maxWireVersion=5, maxDocumentSize=16777216, roundTripTimeNanos=1064108}
2017-08-28 10:08:34 [main] INFO  - org.springframework.web.servlet.mvc.method.annotation.RequestMappingHandlerAdapter - Looking for @ControllerAdvice: org.springframework.boot.context.embedded.AnnotationConfigEmbeddedWebApplicationContext@48d61b48: startup date [Mon Aug 28 10:08:31 CST 2017]; root of context hierarchy
2017-08-28 10:08:34 [main] INFO  - org.springframework.web.servlet.mvc.method.annotation.RequestMappingHandlerMapping - Mapped "{[/error]}" onto public org.springframework.http.ResponseEntity<java.util.Map<java.lang.String, java.lang.Object>> org.springframework.boot.autoconfigure.web.BasicErrorController.error(javax.servlet.http.HttpServletRequest)
2017-08-28 10:08:34 [main] INFO  - org.springframework.web.servlet.mvc.method.annotation.RequestMappingHandlerMapping - Mapped "{[/error],produces=[text/html]}" onto public org.springframework.web.servlet.ModelAndView org.springframework.boot.autoconfigure.web.BasicErrorController.errorHtml(javax.servlet.http.HttpServletRequest,javax.servlet.http.HttpServletResponse)
2017-08-28 10:08:34 [main] INFO  - org.springframework.web.servlet.handler.SimpleUrlHandlerMapping - Mapped URL path [/webjars/**] onto handler of type [class org.springframework.web.servlet.resource.ResourceHttpRequestHandler]
2017-08-28 10:08:34 [main] INFO  - org.springframework.web.servlet.handler.SimpleUrlHandlerMapping - Mapped URL path [/**] onto handler of type [class org.springframework.web.servlet.resource.ResourceHttpRequestHandler]
2017-08-28 10:08:34 [main] INFO  - org.springframework.web.servlet.handler.SimpleUrlHandlerMapping - Mapped URL path [/**/favicon.ico] onto handler of type [class org.springframework.web.servlet.resource.ResourceHttpRequestHandler]
2017-08-28 10:08:34 [main] WARN  - org.springframework.boot.starter.redis.RedisStarterDeprecationWarningAutoConfiguration - spring-boot-starter-redis is deprecated as of Spring Boot 1.4, please migrate to spring-boot-starter-data-redis
2017-08-28 10:08:34 [main] INFO  - org.springframework.jmx.export.annotation.AnnotationMBeanExporter - Registering beans for JMX exposure on startup
2017-08-28 10:08:34 [main] INFO  - org.apache.coyote.http11.Http11NioProtocol - Initializing ProtocolHandler ["http-nio-8080"]
2017-08-28 10:08:34 [main] INFO  - org.apache.coyote.http11.Http11NioProtocol - Starting ProtocolHandler ["http-nio-8080"]
2017-08-28 10:08:34 [main] INFO  - org.apache.tomcat.util.net.NioSelectorPool - Using a shared selector for servlet write/read
2017-08-28 10:08:34 [main] INFO  - org.springframework.boot.context.embedded.tomcat.TomcatEmbeddedServletContainer - Tomcat started on port(s): 8080 (http)
2017-08-28 10:08:34 [main] INFO  - org.mongodb.driver.connection - Opened connection [connectionId{localValue:2, serverValue:10}] to 192.168.7.30:27017
2017-08-28 10:08:34 [main] INFO  - com.gaea.game.logic.LogicServer - Started LogicServer in 3.416 seconds (JVM running for 3.817)
2017-08-28 10:10:22 [main] INFO  - com.gaea.game.logic.LogicServer - Starting LogicServer on DESKTOP-B2NI8A2 with PID 4176 (E:\gaea\game\LogicServer\target\classes started by alan in E:\gaea\game\LogicServer)
2017-08-28 10:10:22 [main] INFO  - com.gaea.game.logic.LogicServer - No active profile set, falling back to default profiles: default
2017-08-28 10:10:22 [main] INFO  - org.springframework.boot.context.embedded.AnnotationConfigEmbeddedWebApplicationContext - Refreshing org.springframework.boot.context.embedded.AnnotationConfigEmbeddedWebApplicationContext@18e36d14: startup date [Mon Aug 28 10:10:22 CST 2017]; root of context hierarchy
2017-08-28 10:10:22 [background-preinit] INFO  - org.hibernate.validator.internal.util.Version - HV000001: Hibernate Validator 5.3.5.Final
2017-08-28 10:10:23 [main] INFO  - org.springframework.data.repository.config.RepositoryConfigurationDelegate - Multiple Spring Data modules found, entering strict repository configuration mode!
2017-08-28 10:10:23 [main] INFO  - org.springframework.data.repository.config.RepositoryConfigurationDelegate - Multiple Spring Data modules found, entering strict repository configuration mode!
2017-08-28 10:10:23 [main] INFO  - org.springframework.boot.context.embedded.tomcat.TomcatEmbeddedServletContainer - Tomcat initialized with port(s): 8080 (http)
2017-08-28 10:10:23 [main] INFO  - org.apache.catalina.core.StandardService - Starting service Tomcat
2017-08-28 10:10:23 [main] INFO  - org.apache.catalina.core.StandardEngine - Starting Servlet Engine: Apache Tomcat/8.5.14
2017-08-28 10:10:23 [localhost-startStop-1] INFO  - org.apache.catalina.core.ContainerBase.[Tomcat].[localhost].[/] - Initializing Spring embedded WebApplicationContext
2017-08-28 10:10:23 [localhost-startStop-1] INFO  - org.springframework.web.context.ContextLoader - Root WebApplicationContext: initialization completed in 1260 ms
2017-08-28 10:10:23 [localhost-startStop-1] INFO  - org.springframework.boot.web.servlet.ServletRegistrationBean - Mapping servlet: 'dispatcherServlet' to [/]
2017-08-28 10:10:23 [localhost-startStop-1] INFO  - org.springframework.boot.web.servlet.FilterRegistrationBean - Mapping filter: 'characterEncodingFilter' to: [/*]
2017-08-28 10:10:23 [localhost-startStop-1] INFO  - org.springframework.boot.web.servlet.FilterRegistrationBean - Mapping filter: 'hiddenHttpMethodFilter' to: [/*]
2017-08-28 10:10:23 [localhost-startStop-1] INFO  - org.springframework.boot.web.servlet.FilterRegistrationBean - Mapping filter: 'httpPutFormContentFilter' to: [/*]
2017-08-28 10:10:23 [localhost-startStop-1] INFO  - org.springframework.boot.web.servlet.FilterRegistrationBean - Mapping filter: 'requestContextFilter' to: [/*]
2017-08-28 10:10:24 [main] INFO  - com.gaea.game.base.config.RedisConfig - JedisConnectionFactory bean init success.
2017-08-28 10:10:24 [main] INFO  - org.mongodb.driver.cluster - Cluster created with settings {hosts=[192.168.7.30:27017], mode=SINGLE, requiredClusterType=UNKNOWN, serverSelectionTimeout='30000 ms', maxWaitQueueSize=500}
2017-08-28 10:10:24 [cluster-ClusterId{value='59a37b903466d01050b5d971', description='null'}-192.168.7.30:27017] INFO  - org.mongodb.driver.connection - Opened connection [connectionId{localValue:1, serverValue:11}] to 192.168.7.30:27017
2017-08-28 10:10:24 [cluster-ClusterId{value='59a37b903466d01050b5d971', description='null'}-192.168.7.30:27017] INFO  - org.mongodb.driver.cluster - Monitor thread successfully connected to server with description ServerDescription{address=192.168.7.30:27017, type=STANDALONE, state=CONNECTED, ok=true, version=ServerVersion{versionList=[3, 4, 7]}, minWireVersion=0, maxWireVersion=5, maxDocumentSize=16777216, roundTripTimeNanos=1023433}
2017-08-28 10:10:24 [main] INFO  - org.springframework.web.servlet.mvc.method.annotation.RequestMappingHandlerAdapter - Looking for @ControllerAdvice: org.springframework.boot.context.embedded.AnnotationConfigEmbeddedWebApplicationContext@18e36d14: startup date [Mon Aug 28 10:10:22 CST 2017]; root of context hierarchy
2017-08-28 10:10:24 [main] INFO  - org.springframework.web.servlet.mvc.method.annotation.RequestMappingHandlerMapping - Mapped "{[/error]}" onto public org.springframework.http.ResponseEntity<java.util.Map<java.lang.String, java.lang.Object>> org.springframework.boot.autoconfigure.web.BasicErrorController.error(javax.servlet.http.HttpServletRequest)
2017-08-28 10:10:24 [main] INFO  - org.springframework.web.servlet.mvc.method.annotation.RequestMappingHandlerMapping - Mapped "{[/error],produces=[text/html]}" onto public org.springframework.web.servlet.ModelAndView org.springframework.boot.autoconfigure.web.BasicErrorController.errorHtml(javax.servlet.http.HttpServletRequest,javax.servlet.http.HttpServletResponse)
2017-08-28 10:10:24 [main] INFO  - org.springframework.web.servlet.handler.SimpleUrlHandlerMapping - Mapped URL path [/webjars/**] onto handler of type [class org.springframework.web.servlet.resource.ResourceHttpRequestHandler]
2017-08-28 10:10:24 [main] INFO  - org.springframework.web.servlet.handler.SimpleUrlHandlerMapping - Mapped URL path [/**] onto handler of type [class org.springframework.web.servlet.resource.ResourceHttpRequestHandler]
2017-08-28 10:10:24 [main] INFO  - org.springframework.web.servlet.handler.SimpleUrlHandlerMapping - Mapped URL path [/**/favicon.ico] onto handler of type [class org.springframework.web.servlet.resource.ResourceHttpRequestHandler]
2017-08-28 10:10:25 [main] INFO  - org.springframework.jmx.export.annotation.AnnotationMBeanExporter - Registering beans for JMX exposure on startup
2017-08-28 10:10:25 [main] INFO  - org.apache.coyote.http11.Http11NioProtocol - Initializing ProtocolHandler ["http-nio-8080"]
2017-08-28 10:10:25 [main] INFO  - org.apache.coyote.http11.Http11NioProtocol - Starting ProtocolHandler ["http-nio-8080"]
2017-08-28 10:10:25 [main] INFO  - org.apache.tomcat.util.net.NioSelectorPool - Using a shared selector for servlet write/read
2017-08-28 10:10:25 [main] INFO  - org.springframework.boot.context.embedded.tomcat.TomcatEmbeddedServletContainer - Tomcat started on port(s): 8080 (http)
2017-08-28 10:10:25 [main] INFO  - org.mongodb.driver.connection - Opened connection [connectionId{localValue:2, serverValue:12}] to 192.168.7.30:27017
2017-08-28 10:10:25 [main] INFO  - com.gaea.game.logic.LogicServer - Started LogicServer in 3.225 seconds (JVM running for 3.536)
2017-08-28 10:15:21 [main] INFO  - com.gaea.game.logic.LogicServer - Starting LogicServer on DESKTOP-B2NI8A2 with PID 5060 (E:\gaea\game\LogicServer\target\classes started by alan in E:\gaea\game\LogicServer)
2017-08-28 10:15:21 [main] INFO  - com.gaea.game.logic.LogicServer - No active profile set, falling back to default profiles: default
2017-08-28 10:15:21 [main] INFO  - org.springframework.boot.context.embedded.AnnotationConfigEmbeddedWebApplicationContext - Refreshing org.springframework.boot.context.embedded.AnnotationConfigEmbeddedWebApplicationContext@73a8da0f: startup date [Mon Aug 28 10:15:21 CST 2017]; root of context hierarchy
2017-08-28 10:15:22 [main] INFO  - org.springframework.data.repository.config.RepositoryConfigurationDelegate - Multiple Spring Data modules found, entering strict repository configuration mode!
2017-08-28 10:15:22 [main] INFO  - org.springframework.data.repository.config.RepositoryConfigurationDelegate - Multiple Spring Data modules found, entering strict repository configuration mode!
2017-08-28 10:15:22 [main] INFO  - org.springframework.boot.context.embedded.tomcat.TomcatEmbeddedServletContainer - Tomcat initialized with port(s): 8080 (http)
2017-08-28 10:15:22 [main] INFO  - org.apache.catalina.core.StandardService - Starting service Tomcat
2017-08-28 10:15:22 [main] INFO  - org.apache.catalina.core.StandardEngine - Starting Servlet Engine: Apache Tomcat/8.5.14
2017-08-28 10:15:22 [localhost-startStop-1] INFO  - org.apache.catalina.core.ContainerBase.[Tomcat].[localhost].[/] - Initializing Spring embedded WebApplicationContext
2017-08-28 10:15:22 [localhost-startStop-1] INFO  - org.springframework.web.context.ContextLoader - Root WebApplicationContext: initialization completed in 1256 ms
2017-08-28 10:15:22 [localhost-startStop-1] INFO  - org.springframework.boot.web.servlet.ServletRegistrationBean - Mapping servlet: 'dispatcherServlet' to [/]
2017-08-28 10:15:22 [localhost-startStop-1] INFO  - org.springframework.boot.web.servlet.FilterRegistrationBean - Mapping filter: 'characterEncodingFilter' to: [/*]
2017-08-28 10:15:22 [localhost-startStop-1] INFO  - org.springframework.boot.web.servlet.FilterRegistrationBean - Mapping filter: 'hiddenHttpMethodFilter' to: [/*]
2017-08-28 10:15:22 [localhost-startStop-1] INFO  - org.springframework.boot.web.servlet.FilterRegistrationBean - Mapping filter: 'httpPutFormContentFilter' to: [/*]
2017-08-28 10:15:22 [localhost-startStop-1] INFO  - org.springframework.boot.web.servlet.FilterRegistrationBean - Mapping filter: 'requestContextFilter' to: [/*]
2017-08-28 10:15:22 [main] INFO  - com.gaea.game.base.config.RedisConfig - JedisConnectionFactory bean init success.
2017-08-28 10:15:23 [main] INFO  - org.mongodb.driver.cluster - Cluster created with settings {hosts=[192.168.7.30:27017], mode=SINGLE, requiredClusterType=UNKNOWN, serverSelectionTimeout='30000 ms', maxWaitQueueSize=500}
2017-08-28 10:15:23 [cluster-ClusterId{value='59a37cbb3466d013c49da9a7', description='null'}-192.168.7.30:27017] INFO  - org.mongodb.driver.connection - Opened connection [connectionId{localValue:1, serverValue:13}] to 192.168.7.30:27017
2017-08-28 10:15:23 [cluster-ClusterId{value='59a37cbb3466d013c49da9a7', description='null'}-192.168.7.30:27017] INFO  - org.mongodb.driver.cluster - Monitor thread successfully connected to server with description ServerDescription{address=192.168.7.30:27017, type=STANDALONE, state=CONNECTED, ok=true, version=ServerVersion{versionList=[3, 4, 7]}, minWireVersion=0, maxWireVersion=5, maxDocumentSize=16777216, roundTripTimeNanos=1006081}
2017-08-28 10:15:23 [main] INFO  - org.springframework.web.servlet.mvc.method.annotation.RequestMappingHandlerAdapter - Looking for @ControllerAdvice: org.springframework.boot.context.embedded.AnnotationConfigEmbeddedWebApplicationContext@73a8da0f: startup date [Mon Aug 28 10:15:21 CST 2017]; root of context hierarchy
2017-08-28 10:15:23 [main] INFO  - org.springframework.web.servlet.mvc.method.annotation.RequestMappingHandlerMapping - Mapped "{[/error]}" onto public org.springframework.http.ResponseEntity<java.util.Map<java.lang.String, java.lang.Object>> org.springframework.boot.autoconfigure.web.BasicErrorController.error(javax.servlet.http.HttpServletRequest)
2017-08-28 10:15:23 [main] INFO  - org.springframework.web.servlet.mvc.method.annotation.RequestMappingHandlerMapping - Mapped "{[/error],produces=[text/html]}" onto public org.springframework.web.servlet.ModelAndView org.springframework.boot.autoconfigure.web.BasicErrorController.errorHtml(javax.servlet.http.HttpServletRequest,javax.servlet.http.HttpServletResponse)
2017-08-28 10:15:23 [main] INFO  - org.springframework.web.servlet.handler.SimpleUrlHandlerMapping - Mapped URL path [/webjars/**] onto handler of type [class org.springframework.web.servlet.resource.ResourceHttpRequestHandler]
2017-08-28 10:15:23 [main] INFO  - org.springframework.web.servlet.handler.SimpleUrlHandlerMapping - Mapped URL path [/**] onto handler of type [class org.springframework.web.servlet.resource.ResourceHttpRequestHandler]
2017-08-28 10:15:23 [main] INFO  - org.springframework.web.servlet.handler.SimpleUrlHandlerMapping - Mapped URL path [/**/favicon.ico] onto handler of type [class org.springframework.web.servlet.resource.ResourceHttpRequestHandler]
2017-08-28 10:15:24 [main] INFO  - org.springframework.jmx.export.annotation.AnnotationMBeanExporter - Registering beans for JMX exposure on startup
2017-08-28 10:15:24 [main] INFO  - org.apache.coyote.http11.Http11NioProtocol - Initializing ProtocolHandler ["http-nio-8080"]
2017-08-28 10:15:24 [main] INFO  - org.apache.coyote.http11.Http11NioProtocol - Starting ProtocolHandler ["http-nio-8080"]
2017-08-28 10:15:24 [main] INFO  - org.apache.tomcat.util.net.NioSelectorPool - Using a shared selector for servlet write/read
2017-08-28 10:15:24 [main] INFO  - org.springframework.boot.context.embedded.tomcat.TomcatEmbeddedServletContainer - Tomcat started on port(s): 8080 (http)
2017-08-28 10:15:24 [main] INFO  - org.mongodb.driver.connection - Opened connection [connectionId{localValue:2, serverValue:14}] to 192.168.7.30:27017
2017-08-28 10:15:24 [main] INFO  - com.gaea.game.logic.LogicServer - Started LogicServer in 3.15 seconds (JVM running for 3.467)
2017-08-28 11:48:01 [main] INFO  - com.gaea.game.logic.LogicServer - Starting LogicServer on DESKTOP-B2NI8A2 with PID 3044 (E:\gaea\game\LogicServer\target\classes started by alan in E:\gaea\game\LogicServer)
2017-08-28 11:48:01 [main] INFO  - com.gaea.game.logic.LogicServer - No active profile set, falling back to default profiles: default
2017-08-28 11:48:01 [main] INFO  - org.springframework.boot.context.embedded.AnnotationConfigEmbeddedWebApplicationContext - Refreshing org.springframework.boot.context.embedded.AnnotationConfigEmbeddedWebApplicationContext@5a5338df: startup date [Mon Aug 28 11:48:01 CST 2017]; root of context hierarchy
2017-08-28 11:48:01 [main] INFO  - org.springframework.data.repository.config.RepositoryConfigurationDelegate - Multiple Spring Data modules found, entering strict repository configuration mode!
2017-08-28 11:48:01 [main] INFO  - org.springframework.data.repository.config.RepositoryConfigurationDelegate - Multiple Spring Data modules found, entering strict repository configuration mode!
2017-08-28 11:48:02 [main] INFO  - org.springframework.boot.context.embedded.tomcat.TomcatEmbeddedServletContainer - Tomcat initialized with port(s): 8082 (http)
2017-08-28 11:48:02 [main] INFO  - org.apache.catalina.core.StandardService - Starting service Tomcat
2017-08-28 11:48:02 [main] INFO  - org.apache.catalina.core.StandardEngine - Starting Servlet Engine: Apache Tomcat/8.5.14
2017-08-28 11:48:02 [localhost-startStop-1] INFO  - org.apache.catalina.core.ContainerBase.[Tomcat].[localhost].[/logic] - Initializing Spring embedded WebApplicationContext
2017-08-28 11:48:02 [localhost-startStop-1] INFO  - org.springframework.web.context.ContextLoader - Root WebApplicationContext: initialization completed in 1220 ms
2017-08-28 11:48:02 [localhost-startStop-1] INFO  - org.springframework.boot.web.servlet.ServletRegistrationBean - Mapping servlet: 'dispatcherServlet' to [/]
2017-08-28 11:48:02 [localhost-startStop-1] INFO  - org.springframework.boot.web.servlet.FilterRegistrationBean - Mapping filter: 'characterEncodingFilter' to: [/*]
2017-08-28 11:48:02 [localhost-startStop-1] INFO  - org.springframework.boot.web.servlet.FilterRegistrationBean - Mapping filter: 'hiddenHttpMethodFilter' to: [/*]
2017-08-28 11:48:02 [localhost-startStop-1] INFO  - org.springframework.boot.web.servlet.FilterRegistrationBean - Mapping filter: 'httpPutFormContentFilter' to: [/*]
2017-08-28 11:48:02 [localhost-startStop-1] INFO  - org.springframework.boot.web.servlet.FilterRegistrationBean - Mapping filter: 'requestContextFilter' to: [/*]
2017-08-28 11:48:02 [main] INFO  - com.gaea.game.base.config.RedisConfig - JedisConnectionFactory bean init success.
2017-08-28 11:48:03 [main] INFO  - org.mongodb.driver.cluster - Cluster created with settings {hosts=[192.168.7.30:27017], mode=SINGLE, requiredClusterType=UNKNOWN, serverSelectionTimeout='30000 ms', maxWaitQueueSize=500}
2017-08-28 11:48:03 [cluster-ClusterId{value='59a392733466d00be48df9bd', description='null'}-192.168.7.30:27017] INFO  - org.mongodb.driver.connection - Opened connection [connectionId{localValue:1, serverValue:19}] to 192.168.7.30:27017
2017-08-28 11:48:03 [cluster-ClusterId{value='59a392733466d00be48df9bd', description='null'}-192.168.7.30:27017] INFO  - org.mongodb.driver.cluster - Monitor thread successfully connected to server with description ServerDescription{address=192.168.7.30:27017, type=STANDALONE, state=CONNECTED, ok=true, version=ServerVersion{versionList=[3, 4, 7]}, minWireVersion=0, maxWireVersion=5, maxDocumentSize=16777216, roundTripTimeNanos=3795062}
2017-08-28 11:48:03 [main] INFO  - org.springframework.web.servlet.mvc.method.annotation.RequestMappingHandlerAdapter - Looking for @ControllerAdvice: org.springframework.boot.context.embedded.AnnotationConfigEmbeddedWebApplicationContext@5a5338df: startup date [Mon Aug 28 11:48:01 CST 2017]; root of context hierarchy
2017-08-28 11:48:03 [main] INFO  - org.springframework.web.servlet.mvc.method.annotation.RequestMappingHandlerMapping - Mapped "{[/error]}" onto public org.springframework.http.ResponseEntity<java.util.Map<java.lang.String, java.lang.Object>> org.springframework.boot.autoconfigure.web.BasicErrorController.error(javax.servlet.http.HttpServletRequest)
2017-08-28 11:48:03 [main] INFO  - org.springframework.web.servlet.mvc.method.annotation.RequestMappingHandlerMapping - Mapped "{[/error],produces=[text/html]}" onto public org.springframework.web.servlet.ModelAndView org.springframework.boot.autoconfigure.web.BasicErrorController.errorHtml(javax.servlet.http.HttpServletRequest,javax.servlet.http.HttpServletResponse)
2017-08-28 11:48:03 [main] INFO  - org.springframework.web.servlet.handler.SimpleUrlHandlerMapping - Mapped URL path [/webjars/**] onto handler of type [class org.springframework.web.servlet.resource.ResourceHttpRequestHandler]
2017-08-28 11:48:03 [main] INFO  - org.springframework.web.servlet.handler.SimpleUrlHandlerMapping - Mapped URL path [/**] onto handler of type [class org.springframework.web.servlet.resource.ResourceHttpRequestHandler]
2017-08-28 11:48:03 [main] INFO  - org.springframework.web.servlet.handler.SimpleUrlHandlerMapping - Mapped URL path [/**/favicon.ico] onto handler of type [class org.springframework.web.servlet.resource.ResourceHttpRequestHandler]
2017-08-28 11:48:03 [main] INFO  - org.springframework.jmx.export.annotation.AnnotationMBeanExporter - Registering beans for JMX exposure on startup
2017-08-28 11:48:03 [main] INFO  - org.apache.coyote.http11.Http11NioProtocol - Initializing ProtocolHandler ["http-nio-0.0.0.0-8082"]
2017-08-28 11:48:03 [main] INFO  - org.apache.coyote.http11.Http11NioProtocol - Starting ProtocolHandler ["http-nio-0.0.0.0-8082"]
2017-08-28 11:48:03 [main] INFO  - org.apache.tomcat.util.net.NioSelectorPool - Using a shared selector for servlet write/read
2017-08-28 11:48:03 [main] INFO  - org.springframework.boot.context.embedded.tomcat.TomcatEmbeddedServletContainer - Tomcat started on port(s): 8082 (http)
2017-08-28 11:48:04 [main] INFO  - org.mongodb.driver.connection - Opened connection [connectionId{localValue:2, serverValue:20}] to 192.168.7.30:27017
2017-08-28 11:48:04 [main] INFO  - com.gaea.game.logic.LogicServer - Started LogicServer in 3.174 seconds (JVM running for 3.498)
2017-08-28 14:48:33 [main] INFO  - com.gaea.game.logic.LogicServer - Starting LogicServer on DESKTOP-B2NI8A2 with PID 9268 (E:\gaea\game\LogicServer\target\classes started by alan in E:\gaea\game\LogicServer)
2017-08-28 14:48:33 [main] INFO  - com.gaea.game.logic.LogicServer - No active profile set, falling back to default profiles: default
2017-08-28 14:48:33 [main] INFO  - org.springframework.boot.context.embedded.AnnotationConfigEmbeddedWebApplicationContext - Refreshing org.springframework.boot.context.embedded.AnnotationConfigEmbeddedWebApplicationContext@6b2ea799: startup date [Mon Aug 28 14:48:33 CST 2017]; root of context hierarchy
2017-08-28 14:48:34 [main] INFO  - org.springframework.data.repository.config.RepositoryConfigurationDelegate - Multiple Spring Data modules found, entering strict repository configuration mode!
2017-08-28 14:48:34 [main] INFO  - org.springframework.data.repository.config.RepositoryConfigurationDelegate - Multiple Spring Data modules found, entering strict repository configuration mode!
2017-08-28 14:48:34 [main] INFO  - org.springframework.boot.context.embedded.tomcat.TomcatEmbeddedServletContainer - Tomcat initialized with port(s): 8082 (http)
2017-08-28 14:48:34 [main] INFO  - org.apache.catalina.core.StandardService - Starting service Tomcat
2017-08-28 14:48:34 [main] INFO  - org.apache.catalina.core.StandardEngine - Starting Servlet Engine: Apache Tomcat/8.5.14
2017-08-28 14:48:34 [localhost-startStop-1] INFO  - org.apache.catalina.core.ContainerBase.[Tomcat].[localhost].[/logic] - Initializing Spring embedded WebApplicationContext
2017-08-28 14:48:34 [localhost-startStop-1] INFO  - org.springframework.web.context.ContextLoader - Root WebApplicationContext: initialization completed in 1211 ms
2017-08-28 14:48:34 [localhost-startStop-1] INFO  - org.springframework.boot.web.servlet.ServletRegistrationBean - Mapping servlet: 'dispatcherServlet' to [/]
2017-08-28 14:48:34 [localhost-startStop-1] INFO  - org.springframework.boot.web.servlet.FilterRegistrationBean - Mapping filter: 'characterEncodingFilter' to: [/*]
2017-08-28 14:48:34 [localhost-startStop-1] INFO  - org.springframework.boot.web.servlet.FilterRegistrationBean - Mapping filter: 'hiddenHttpMethodFilter' to: [/*]
2017-08-28 14:48:34 [localhost-startStop-1] INFO  - org.springframework.boot.web.servlet.FilterRegistrationBean - Mapping filter: 'httpPutFormContentFilter' to: [/*]
2017-08-28 14:48:34 [localhost-startStop-1] INFO  - org.springframework.boot.web.servlet.FilterRegistrationBean - Mapping filter: 'requestContextFilter' to: [/*]
2017-08-28 14:48:34 [main] INFO  - com.gaea.game.base.config.RedisConfig - JedisConnectionFactory bean init success.
2017-08-28 14:48:35 [main] INFO  - org.mongodb.driver.cluster - Cluster created with settings {hosts=[192.168.7.30:27017], mode=SINGLE, requiredClusterType=UNKNOWN, serverSelectionTimeout='30000 ms', maxWaitQueueSize=500}
2017-08-28 14:48:35 [cluster-ClusterId{value='59a3bcc23466d02434b41882', description='null'}-192.168.7.30:27017] INFO  - org.mongodb.driver.connection - Opened connection [connectionId{localValue:1, serverValue:25}] to 192.168.7.30:27017
2017-08-28 14:48:35 [cluster-ClusterId{value='59a3bcc23466d02434b41882', description='null'}-192.168.7.30:27017] INFO  - org.mongodb.driver.cluster - Monitor thread successfully connected to server with description ServerDescription{address=192.168.7.30:27017, type=STANDALONE, state=CONNECTED, ok=true, version=ServerVersion{versionList=[3, 4, 7]}, minWireVersion=0, maxWireVersion=5, maxDocumentSize=16777216, roundTripTimeNanos=1011485}
2017-08-28 14:48:35 [main] INFO  - org.springframework.web.servlet.mvc.method.annotation.RequestMappingHandlerAdapter - Looking for @ControllerAdvice: org.springframework.boot.context.embedded.AnnotationConfigEmbeddedWebApplicationContext@6b2ea799: startup date [Mon Aug 28 14:48:33 CST 2017]; root of context hierarchy
2017-08-28 14:48:35 [main] INFO  - org.springframework.web.servlet.mvc.method.annotation.RequestMappingHandlerMapping - Mapped "{[/error]}" onto public org.springframework.http.ResponseEntity<java.util.Map<java.lang.String, java.lang.Object>> org.springframework.boot.autoconfigure.web.BasicErrorController.error(javax.servlet.http.HttpServletRequest)
2017-08-28 14:48:35 [main] INFO  - org.springframework.web.servlet.mvc.method.annotation.RequestMappingHandlerMapping - Mapped "{[/error],produces=[text/html]}" onto public org.springframework.web.servlet.ModelAndView org.springframework.boot.autoconfigure.web.BasicErrorController.errorHtml(javax.servlet.http.HttpServletRequest,javax.servlet.http.HttpServletResponse)
2017-08-28 14:48:35 [main] INFO  - org.springframework.web.servlet.handler.SimpleUrlHandlerMapping - Mapped URL path [/webjars/**] onto handler of type [class org.springframework.web.servlet.resource.ResourceHttpRequestHandler]
2017-08-28 14:48:35 [main] INFO  - org.springframework.web.servlet.handler.SimpleUrlHandlerMapping - Mapped URL path [/**] onto handler of type [class org.springframework.web.servlet.resource.ResourceHttpRequestHandler]
2017-08-28 14:48:35 [main] INFO  - org.springframework.web.servlet.handler.SimpleUrlHandlerMapping - Mapped URL path [/**/favicon.ico] onto handler of type [class org.springframework.web.servlet.resource.ResourceHttpRequestHandler]
2017-08-28 14:48:35 [main] INFO  - org.springframework.jmx.export.annotation.AnnotationMBeanExporter - Registering beans for JMX exposure on startup
2017-08-28 14:48:35 [main] INFO  - org.apache.coyote.http11.Http11NioProtocol - Initializing ProtocolHandler ["http-nio-0.0.0.0-8082"]
2017-08-28 14:48:35 [main] INFO  - org.apache.coyote.http11.Http11NioProtocol - Starting ProtocolHandler ["http-nio-0.0.0.0-8082"]
2017-08-28 14:48:35 [main] INFO  - org.apache.tomcat.util.net.NioSelectorPool - Using a shared selector for servlet write/read
2017-08-28 14:48:35 [main] INFO  - org.springframework.boot.context.embedded.tomcat.TomcatEmbeddedServletContainer - Tomcat started on port(s): 8082 (http)
2017-08-28 14:48:35 [main] INFO  - org.mongodb.driver.connection - Opened connection [connectionId{localValue:2, serverValue:26}] to 192.168.7.30:27017
2017-08-28 14:48:35 [main] INFO  - com.gaea.game.logic.LogicServer - Started LogicServer in 2.868 seconds (JVM running for 3.163)
