2017-08-25 17:50:24 [main] INFO  - com.gaea.game.dataserver.DataServer - Starting DataServer on DESKTOP-B2NI8A2 with PID 9820 (E:\gaea\game\DataServer\target\classes started by alan in E:\gaea\game\DataServer)
2017-08-25 17:50:24 [main] INFO  - com.gaea.game.dataserver.DataServer - No active profile set, falling back to default profiles: default
2017-08-25 17:50:24 [main] INFO  - org.springframework.boot.context.embedded.AnnotationConfigEmbeddedWebApplicationContext - Refreshing org.springframework.boot.context.embedded.AnnotationConfigEmbeddedWebApplicationContext@59474f18: startup date [Fri Aug 25 17:50:24 CST 2017]; root of context hierarchy
2017-08-25 17:50:24 [background-preinit] INFO  - org.hibernate.validator.internal.util.Version - HV000001: Hibernate Validator 5.3.5.Final
2017-08-25 17:50:24 [main] INFO  - org.springframework.data.repository.config.RepositoryConfigurationDelegate - Multiple Spring Data modules found, entering strict repository configuration mode!
2017-08-25 17:50:25 [main] INFO  - org.springframework.data.repository.config.RepositoryConfigurationDelegate - Multiple Spring Data modules found, entering strict repository configuration mode!
2017-08-25 17:50:25 [main] INFO  - org.springframework.boot.context.embedded.tomcat.TomcatEmbeddedServletContainer - Tomcat initialized with port(s): 8080 (http)
2017-08-25 17:50:25 [main] INFO  - org.apache.catalina.core.StandardService - Starting service Tomcat
2017-08-25 17:50:25 [main] INFO  - org.apache.catalina.core.StandardEngine - Starting Servlet Engine: Apache Tomcat/8.5.14
2017-08-25 17:50:25 [localhost-startStop-1] INFO  - org.apache.catalina.core.ContainerBase.[Tomcat].[localhost].[/] - Initializing Spring embedded WebApplicationContext
2017-08-25 17:50:25 [localhost-startStop-1] INFO  - org.springframework.web.context.ContextLoader - Root WebApplicationContext: initialization completed in 1342 ms
2017-08-25 17:50:25 [localhost-startStop-1] INFO  - org.springframework.boot.web.servlet.ServletRegistrationBean - Mapping servlet: 'dispatcherServlet' to [/]
2017-08-25 17:50:25 [localhost-startStop-1] INFO  - org.springframework.boot.web.servlet.FilterRegistrationBean - Mapping filter: 'characterEncodingFilter' to: [/*]
2017-08-25 17:50:25 [localhost-startStop-1] INFO  - org.springframework.boot.web.servlet.FilterRegistrationBean - Mapping filter: 'hiddenHttpMethodFilter' to: [/*]
2017-08-25 17:50:25 [localhost-startStop-1] INFO  - org.springframework.boot.web.servlet.FilterRegistrationBean - Mapping filter: 'httpPutFormContentFilter' to: [/*]
2017-08-25 17:50:25 [localhost-startStop-1] INFO  - org.springframework.boot.web.servlet.FilterRegistrationBean - Mapping filter: 'requestContextFilter' to: [/*]
2017-08-25 17:50:25 [main] INFO  - com.gaea.game.base.config.RedisConfig - JedisConnectionFactory bean init success.
2017-08-25 17:50:25 [main] WARN  - org.springframework.boot.context.embedded.AnnotationConfigEmbeddedWebApplicationContext - Exception encountered during context initialization - cancelling refresh attempt: org.springframework.beans.factory.UnsatisfiedDependencyException: Error creating bean with name 'vertifyController': Unsatisfied dependency expressed through field 'dataManager'; nested exception is org.springframework.beans.factory.UnsatisfiedDependencyException: Error creating bean with name 'dataManager': Unsatisfied dependency expressed through field 'platformManager'; nested exception is org.springframework.beans.factory.UnsatisfiedDependencyException: Error creating bean with name 'platformManager': Unsatisfied dependency expressed through field 'platformConfig'; nested exception is org.springframework.beans.factory.NoSuchBeanDefinitionException: No qualifying bean of type 'com.gaea.game.base.data.PlatformConfig' available: expected at least 1 bean which qualifies as autowire candidate. Dependency annotations: {@org.springframework.beans.factory.annotation.Autowired(required=true)}
2017-08-25 17:50:25 [main] INFO  - org.apache.catalina.core.StandardService - Stopping service Tomcat
2017-08-25 17:50:25 [main] INFO  - org.springframework.boot.autoconfigure.logging.AutoConfigurationReportLoggingInitializer - 

Error starting ApplicationContext. To display the auto-configuration report re-run your application with 'debug' enabled.
2017-08-25 17:50:25 [main] ERROR - org.springframework.boot.diagnostics.LoggingFailureAnalysisReporter - 

***************************
APPLICATION FAILED TO START
***************************

Description:

Field platformConfig in com.gaea.game.base.manager.PlatformManager required a bean of type 'com.gaea.game.base.data.PlatformConfig' that could not be found.


Action:

Consider defining a bean of type 'com.gaea.game.base.data.PlatformConfig' in your configuration.

2017-08-25 18:04:31 [main] INFO  - com.gaea.game.dataserver.DataServer - Starting DataServer on DESKTOP-B2NI8A2 with PID 10032 (E:\gaea\game\DataServer\target\classes started by alan in E:\gaea\game\DataServer)
2017-08-25 18:04:31 [main] INFO  - com.gaea.game.dataserver.DataServer - No active profile set, falling back to default profiles: default
2017-08-25 18:04:31 [main] INFO  - org.springframework.boot.context.embedded.AnnotationConfigEmbeddedWebApplicationContext - Refreshing org.springframework.boot.context.embedded.AnnotationConfigEmbeddedWebApplicationContext@3e694b3f: startup date [Fri Aug 25 18:04:31 CST 2017]; root of context hierarchy
2017-08-25 18:04:31 [background-preinit] INFO  - org.hibernate.validator.internal.util.Version - HV000001: Hibernate Validator 5.3.5.Final
2017-08-25 18:04:32 [main] INFO  - org.springframework.data.repository.config.RepositoryConfigurationDelegate - Multiple Spring Data modules found, entering strict repository configuration mode!
2017-08-25 18:04:32 [main] INFO  - org.springframework.data.repository.config.RepositoryConfigurationDelegate - Multiple Spring Data modules found, entering strict repository configuration mode!
2017-08-25 18:04:32 [main] INFO  - org.springframework.boot.context.embedded.tomcat.TomcatEmbeddedServletContainer - Tomcat initialized with port(s): 8080 (http)
2017-08-25 18:04:32 [main] INFO  - org.apache.catalina.core.StandardService - Starting service Tomcat
2017-08-25 18:04:32 [main] INFO  - org.apache.catalina.core.StandardEngine - Starting Servlet Engine: Apache Tomcat/8.5.14
2017-08-25 18:04:32 [localhost-startStop-1] INFO  - org.apache.catalina.core.ContainerBase.[Tomcat].[localhost].[/] - Initializing Spring embedded WebApplicationContext
2017-08-25 18:04:32 [localhost-startStop-1] INFO  - org.springframework.web.context.ContextLoader - Root WebApplicationContext: initialization completed in 1127 ms
2017-08-25 18:04:32 [localhost-startStop-1] INFO  - org.springframework.boot.web.servlet.ServletRegistrationBean - Mapping servlet: 'dispatcherServlet' to [/]
2017-08-25 18:04:32 [localhost-startStop-1] INFO  - org.springframework.boot.web.servlet.FilterRegistrationBean - Mapping filter: 'characterEncodingFilter' to: [/*]
2017-08-25 18:04:32 [localhost-startStop-1] INFO  - org.springframework.boot.web.servlet.FilterRegistrationBean - Mapping filter: 'hiddenHttpMethodFilter' to: [/*]
2017-08-25 18:04:32 [localhost-startStop-1] INFO  - org.springframework.boot.web.servlet.FilterRegistrationBean - Mapping filter: 'httpPutFormContentFilter' to: [/*]
2017-08-25 18:04:32 [localhost-startStop-1] INFO  - org.springframework.boot.web.servlet.FilterRegistrationBean - Mapping filter: 'requestContextFilter' to: [/*]
2017-08-25 18:04:32 [main] INFO  - com.gaea.game.base.config.RedisConfig - JedisConnectionFactory bean init success.
2017-08-25 18:04:33 [main] INFO  - org.mongodb.driver.cluster - Cluster created with settings {hosts=[localhost:27017], mode=SINGLE, requiredClusterType=UNKNOWN, serverSelectionTimeout='30000 ms', maxWaitQueueSize=500}
2017-08-25 18:04:33 [main] WARN  - org.springframework.boot.context.embedded.AnnotationConfigEmbeddedWebApplicationContext - Exception encountered during context initialization - cancelling refresh attempt: org.springframework.beans.factory.UnsatisfiedDependencyException: Error creating bean with name 'vertifyController': Unsatisfied dependency expressed through field 'dataManager'; nested exception is org.springframework.beans.factory.UnsatisfiedDependencyException: Error creating bean with name 'dataManager': Unsatisfied dependency expressed through field 'uidDao'; nested exception is org.springframework.beans.factory.NoSuchBeanDefinitionException: No qualifying bean of type 'com.gaea.game.base.dao.uid.UidDao' available: expected at least 1 bean which qualifies as autowire candidate. Dependency annotations: {@org.springframework.beans.factory.annotation.Autowired(required=true)}
2017-08-25 18:04:33 [main] INFO  - org.apache.catalina.core.StandardService - Stopping service Tomcat
2017-08-25 18:04:33 [main] INFO  - org.springframework.boot.autoconfigure.logging.AutoConfigurationReportLoggingInitializer - 

Error starting ApplicationContext. To display the auto-configuration report re-run your application with 'debug' enabled.
2017-08-25 18:04:33 [main] ERROR - org.springframework.boot.diagnostics.LoggingFailureAnalysisReporter - 

***************************
APPLICATION FAILED TO START
***************************

Description:

Field uidDao in com.gaea.game.base.manager.DataManager required a bean of type 'com.gaea.game.base.dao.uid.UidDao' that could not be found.


Action:

Consider defining a bean of type 'com.gaea.game.base.dao.uid.UidDao' in your configuration.

2017-08-25 18:05:33 [main] INFO  - com.gaea.game.dataserver.DataServer - Starting DataServer on DESKTOP-B2NI8A2 with PID 5784 (E:\gaea\game\DataServer\target\classes started by alan in E:\gaea\game\DataServer)
2017-08-25 18:05:33 [main] INFO  - com.gaea.game.dataserver.DataServer - No active profile set, falling back to default profiles: default
2017-08-25 18:05:33 [main] INFO  - org.springframework.boot.context.embedded.AnnotationConfigEmbeddedWebApplicationContext - Refreshing org.springframework.boot.context.embedded.AnnotationConfigEmbeddedWebApplicationContext@3e694b3f: startup date [Fri Aug 25 18:05:33 CST 2017]; root of context hierarchy
2017-08-25 18:05:34 [background-preinit] INFO  - org.hibernate.validator.internal.util.Version - HV000001: Hibernate Validator 5.3.5.Final
2017-08-25 18:05:34 [main] INFO  - org.springframework.data.repository.config.RepositoryConfigurationDelegate - Multiple Spring Data modules found, entering strict repository configuration mode!
2017-08-25 18:05:34 [main] INFO  - org.springframework.data.repository.config.RepositoryConfigurationDelegate - Multiple Spring Data modules found, entering strict repository configuration mode!
2017-08-25 18:05:34 [main] INFO  - org.springframework.boot.context.embedded.tomcat.TomcatEmbeddedServletContainer - Tomcat initialized with port(s): 8080 (http)
2017-08-25 18:05:34 [main] INFO  - org.apache.catalina.core.StandardService - Starting service Tomcat
2017-08-25 18:05:34 [main] INFO  - org.apache.catalina.core.StandardEngine - Starting Servlet Engine: Apache Tomcat/8.5.14
2017-08-25 18:05:35 [localhost-startStop-1] INFO  - org.apache.catalina.core.ContainerBase.[Tomcat].[localhost].[/] - Initializing Spring embedded WebApplicationContext
2017-08-25 18:05:35 [localhost-startStop-1] INFO  - org.springframework.web.context.ContextLoader - Root WebApplicationContext: initialization completed in 1219 ms
2017-08-25 18:05:35 [localhost-startStop-1] INFO  - org.springframework.boot.web.servlet.ServletRegistrationBean - Mapping servlet: 'dispatcherServlet' to [/]
2017-08-25 18:05:35 [localhost-startStop-1] INFO  - org.springframework.boot.web.servlet.FilterRegistrationBean - Mapping filter: 'characterEncodingFilter' to: [/*]
2017-08-25 18:05:35 [localhost-startStop-1] INFO  - org.springframework.boot.web.servlet.FilterRegistrationBean - Mapping filter: 'hiddenHttpMethodFilter' to: [/*]
2017-08-25 18:05:35 [localhost-startStop-1] INFO  - org.springframework.boot.web.servlet.FilterRegistrationBean - Mapping filter: 'httpPutFormContentFilter' to: [/*]
2017-08-25 18:05:35 [localhost-startStop-1] INFO  - org.springframework.boot.web.servlet.FilterRegistrationBean - Mapping filter: 'requestContextFilter' to: [/*]
2017-08-25 18:05:35 [main] INFO  - com.gaea.game.base.config.RedisConfig - JedisConnectionFactory bean init success.
2017-08-25 18:05:35 [main] INFO  - org.mongodb.driver.cluster - Cluster created with settings {hosts=[localhost:27017], mode=SINGLE, requiredClusterType=UNKNOWN, serverSelectionTimeout='30000 ms', maxWaitQueueSize=500}
2017-08-25 18:05:35 [main] WARN  - org.springframework.boot.context.embedded.AnnotationConfigEmbeddedWebApplicationContext - Exception encountered during context initialization - cancelling refresh attempt: org.springframework.beans.factory.UnsatisfiedDependencyException: Error creating bean with name 'WSMessageHandler': Unsatisfied dependency expressed through field 'messageDispatcher'; nested exception is org.springframework.beans.factory.NoSuchBeanDefinitionException: No qualifying bean of type 'com.gaea.game.base.ws.WSMessageDispatcher' available: expected at least 1 bean which qualifies as autowire candidate. Dependency annotations: {@org.springframework.beans.factory.annotation.Autowired(required=true)}
2017-08-25 18:05:35 [main] INFO  - org.apache.catalina.core.StandardService - Stopping service Tomcat
2017-08-25 18:05:35 [main] INFO  - org.springframework.boot.autoconfigure.logging.AutoConfigurationReportLoggingInitializer - 

Error starting ApplicationContext. To display the auto-configuration report re-run your application with 'debug' enabled.
2017-08-25 18:05:35 [main] ERROR - org.springframework.boot.diagnostics.LoggingFailureAnalysisReporter - 

***************************
APPLICATION FAILED TO START
***************************

Description:

Field messageDispatcher in com.gaea.game.base.ws.WSMessageHandler required a bean of type 'com.gaea.game.base.ws.WSMessageDispatcher' that could not be found.


Action:

Consider defining a bean of type 'com.gaea.game.base.ws.WSMessageDispatcher' in your configuration.

2017-08-25 18:13:06 [main] INFO  - com.gaea.game.dataserver.DataServer - Starting DataServer on DESKTOP-B2NI8A2 with PID 11104 (E:\gaea\game\DataServer\target\classes started by alan in E:\gaea\game\DataServer)
2017-08-25 18:13:06 [main] INFO  - com.gaea.game.dataserver.DataServer - No active profile set, falling back to default profiles: default
2017-08-25 18:13:07 [main] INFO  - org.springframework.boot.context.embedded.AnnotationConfigEmbeddedWebApplicationContext - Refreshing org.springframework.boot.context.embedded.AnnotationConfigEmbeddedWebApplicationContext@3e694b3f: startup date [Fri Aug 25 18:13:07 CST 2017]; root of context hierarchy
2017-08-25 18:13:07 [background-preinit] INFO  - org.hibernate.validator.internal.util.Version - HV000001: Hibernate Validator 5.3.5.Final
2017-08-25 18:13:07 [main] INFO  - org.springframework.data.repository.config.RepositoryConfigurationDelegate - Multiple Spring Data modules found, entering strict repository configuration mode!
2017-08-25 18:13:07 [main] INFO  - org.springframework.data.repository.config.RepositoryConfigurationDelegate - Multiple Spring Data modules found, entering strict repository configuration mode!
2017-08-25 18:13:08 [main] INFO  - org.springframework.boot.context.embedded.tomcat.TomcatEmbeddedServletContainer - Tomcat initialized with port(s): 8080 (http)
2017-08-25 18:13:08 [main] INFO  - org.apache.catalina.core.StandardService - Starting service Tomcat
2017-08-25 18:13:08 [main] INFO  - org.apache.catalina.core.StandardEngine - Starting Servlet Engine: Apache Tomcat/8.5.14
2017-08-25 18:13:08 [localhost-startStop-1] INFO  - org.apache.catalina.core.ContainerBase.[Tomcat].[localhost].[/] - Initializing Spring embedded WebApplicationContext
2017-08-25 18:13:08 [localhost-startStop-1] INFO  - org.springframework.web.context.ContextLoader - Root WebApplicationContext: initialization completed in 1184 ms
2017-08-25 18:13:08 [localhost-startStop-1] INFO  - org.springframework.boot.web.servlet.ServletRegistrationBean - Mapping servlet: 'dispatcherServlet' to [/]
2017-08-25 18:13:08 [localhost-startStop-1] INFO  - org.springframework.boot.web.servlet.FilterRegistrationBean - Mapping filter: 'characterEncodingFilter' to: [/*]
2017-08-25 18:13:08 [localhost-startStop-1] INFO  - org.springframework.boot.web.servlet.FilterRegistrationBean - Mapping filter: 'hiddenHttpMethodFilter' to: [/*]
2017-08-25 18:13:08 [localhost-startStop-1] INFO  - org.springframework.boot.web.servlet.FilterRegistrationBean - Mapping filter: 'httpPutFormContentFilter' to: [/*]
2017-08-25 18:13:08 [localhost-startStop-1] INFO  - org.springframework.boot.web.servlet.FilterRegistrationBean - Mapping filter: 'requestContextFilter' to: [/*]
2017-08-25 18:13:08 [main] INFO  - com.gaea.game.base.config.RedisConfig - JedisConnectionFactory bean init success.
2017-08-25 18:13:08 [main] INFO  - org.mongodb.driver.cluster - Cluster created with settings {hosts=[localhost:27017], mode=SINGLE, requiredClusterType=UNKNOWN, serverSelectionTimeout='30000 ms', maxWaitQueueSize=500}
2017-08-25 18:13:08 [main] INFO  - org.springframework.web.servlet.mvc.method.annotation.RequestMappingHandlerAdapter - Looking for @ControllerAdvice: org.springframework.boot.context.embedded.AnnotationConfigEmbeddedWebApplicationContext@3e694b3f: startup date [Fri Aug 25 18:13:07 CST 2017]; root of context hierarchy
2017-08-25 18:13:09 [main] INFO  - org.springframework.web.servlet.mvc.method.annotation.RequestMappingHandlerMapping - Mapped "{[/vertify/credential]}" onto public com.gaea.game.dataserver.data.VertifyResult com.gaea.game.dataserver.controller.VertifyController.vertify(com.gaea.game.base.data.VertifyInfo)
2017-08-25 18:13:09 [main] INFO  - org.springframework.web.servlet.mvc.method.annotation.RequestMappingHandlerMapping - Mapped "{[/error]}" onto public org.springframework.http.ResponseEntity<java.util.Map<java.lang.String, java.lang.Object>> org.springframework.boot.autoconfigure.web.BasicErrorController.error(javax.servlet.http.HttpServletRequest)
2017-08-25 18:13:09 [main] INFO  - org.springframework.web.servlet.mvc.method.annotation.RequestMappingHandlerMapping - Mapped "{[/error],produces=[text/html]}" onto public org.springframework.web.servlet.ModelAndView org.springframework.boot.autoconfigure.web.BasicErrorController.errorHtml(javax.servlet.http.HttpServletRequest,javax.servlet.http.HttpServletResponse)
2017-08-25 18:13:09 [main] INFO  - org.springframework.web.servlet.handler.SimpleUrlHandlerMapping - Mapped URL path [/webjars/**] onto handler of type [class org.springframework.web.servlet.resource.ResourceHttpRequestHandler]
2017-08-25 18:13:09 [main] INFO  - org.springframework.web.servlet.handler.SimpleUrlHandlerMapping - Mapped URL path [/**] onto handler of type [class org.springframework.web.servlet.resource.ResourceHttpRequestHandler]
2017-08-25 18:13:09 [main] INFO  - org.springframework.web.servlet.handler.SimpleUrlHandlerMapping - Mapped URL path [/**/favicon.ico] onto handler of type [class org.springframework.web.servlet.resource.ResourceHttpRequestHandler]
2017-08-25 18:13:09 [main] WARN  - org.springframework.boot.starter.redis.RedisStarterDeprecationWarningAutoConfiguration - spring-boot-starter-redis is deprecated as of Spring Boot 1.4, please migrate to spring-boot-starter-data-redis
2017-08-25 18:13:09 [main] INFO  - org.springframework.jmx.export.annotation.AnnotationMBeanExporter - Registering beans for JMX exposure on startup
2017-08-25 18:13:09 [main] INFO  - org.apache.coyote.http11.Http11NioProtocol - Initializing ProtocolHandler ["http-nio-8080"]
2017-08-25 18:13:09 [main] INFO  - org.apache.coyote.http11.Http11NioProtocol - Starting ProtocolHandler ["http-nio-8080"]
2017-08-25 18:13:09 [main] INFO  - org.apache.tomcat.util.net.NioSelectorPool - Using a shared selector for servlet write/read
2017-08-25 18:13:09 [main] INFO  - org.springframework.boot.context.embedded.tomcat.TomcatEmbeddedServletContainer - Tomcat started on port(s): 8080 (http)
2017-08-25 18:13:09 [main] INFO  - org.mongodb.driver.cluster - No server chosen by WritableServerSelector from cluster description ClusterDescription{type=UNKNOWN, connectionMode=SINGLE, serverDescriptions=[ServerDescription{address=localhost:27017, type=UNKNOWN, state=CONNECTING}]}. Waiting for 30000 ms before timing out
2017-08-25 18:13:09 [cluster-ClusterId{value='599ff8343466d02b60427835', description='null'}-localhost:27017] INFO  - org.mongodb.driver.cluster - Exception in monitor thread while connecting to server localhost:27017
com.mongodb.MongoSocketOpenException: Exception opening socket
	at com.mongodb.connection.SocketStream.open(SocketStream.java:63)
	at com.mongodb.connection.InternalStreamConnection.open(InternalStreamConnection.java:115)
	at com.mongodb.connection.DefaultServerMonitor$ServerMonitorRunnable.run(DefaultServerMonitor.java:113)
	at java.lang.Thread.run(Thread.java:745)
Caused by: java.net.ConnectException: Connection refused: connect
	at java.net.DualStackPlainSocketImpl.waitForConnect(Native Method)
	at java.net.DualStackPlainSocketImpl.socketConnect(DualStackPlainSocketImpl.java:85)
	at java.net.AbstractPlainSocketImpl.doConnect(AbstractPlainSocketImpl.java:350)
	at java.net.AbstractPlainSocketImpl.connectToAddress(AbstractPlainSocketImpl.java:206)
	at java.net.AbstractPlainSocketImpl.connect(AbstractPlainSocketImpl.java:188)
	at java.net.PlainSocketImpl.connect(PlainSocketImpl.java:172)
	at java.net.SocksSocketImpl.connect(SocksSocketImpl.java:392)
	at java.net.Socket.connect(Socket.java:589)
	at com.mongodb.connection.SocketStreamHelper.initialize(SocketStreamHelper.java:57)
	at com.mongodb.connection.SocketStream.open(SocketStream.java:58)
	... 3 common frames omitted
2017-08-25 18:13:39 [main] INFO  - org.springframework.boot.autoconfigure.logging.AutoConfigurationReportLoggingInitializer - 

Error starting ApplicationContext. To display the auto-configuration report re-run your application with 'debug' enabled.
2017-08-25 18:13:39 [main] ERROR - org.springframework.boot.SpringApplication - Application startup failed
java.lang.IllegalStateException: Failed to execute CommandLineRunner
	at org.springframework.boot.SpringApplication.callRunner(SpringApplication.java:779)
	at org.springframework.boot.SpringApplication.callRunners(SpringApplication.java:760)
	at org.springframework.boot.SpringApplication.afterRefresh(SpringApplication.java:747)
	at org.springframework.boot.SpringApplication.run(SpringApplication.java:315)
	at org.springframework.boot.SpringApplication.run(SpringApplication.java:1162)
	at org.springframework.boot.SpringApplication.run(SpringApplication.java:1151)
	at com.gaea.game.dataserver.DataServer.main(DataServer.java:17)
Caused by: org.springframework.dao.DataAccessResourceFailureException: Timed out after 30000 ms while waiting for a server that matches WritableServerSelector. Client view of cluster state is {type=UNKNOWN, servers=[{address=localhost:27017, type=UNKNOWN, state=CONNECTING, exception={com.mongodb.MongoSocketOpenException: Exception opening socket}, caused by {java.net.ConnectException: Connection refused: connect}}]; nested exception is com.mongodb.MongoTimeoutException: Timed out after 30000 ms while waiting for a server that matches WritableServerSelector. Client view of cluster state is {type=UNKNOWN, servers=[{address=localhost:27017, type=UNKNOWN, state=CONNECTING, exception={com.mongodb.MongoSocketOpenException: Exception opening socket}, caused by {java.net.ConnectException: Connection refused: connect}}]
	at org.springframework.data.mongodb.core.MongoExceptionTranslator.translateExceptionIfPossible(MongoExceptionTranslator.java:77)
	at org.springframework.data.mongodb.core.MongoTemplate.potentiallyConvertRuntimeException(MongoTemplate.java:2135)
	at org.springframework.data.mongodb.core.MongoTemplate.executeFindOneInternal(MongoTemplate.java:1925)
	at org.springframework.data.mongodb.core.MongoTemplate.doFindAndModify(MongoTemplate.java:1854)
	at org.springframework.data.mongodb.core.MongoTemplate.findAndModify(MongoTemplate.java:735)
	at org.springframework.data.mongodb.core.MongoTemplate.findAndModify(MongoTemplate.java:730)
	at com.gaea.game.base.dao.uid.impl.UidDaoImpl.initUid(UidDaoImpl.java:45)
	at com.gaea.game.base.dao.uid.impl.UidDaoImpl.run(UidDaoImpl.java:33)
	at com.gaea.game.base.dao.uid.impl.UidDaoImpl$$FastClassBySpringCGLIB$$c255158a.invoke(<generated>)
	at org.springframework.cglib.proxy.MethodProxy.invoke(MethodProxy.java:204)
	at org.springframework.aop.framework.CglibAopProxy$CglibMethodInvocation.invokeJoinpoint(CglibAopProxy.java:738)
	at org.springframework.aop.framework.ReflectiveMethodInvocation.proceed(ReflectiveMethodInvocation.java:157)
	at org.springframework.dao.support.PersistenceExceptionTranslationInterceptor.invoke(PersistenceExceptionTranslationInterceptor.java:136)
	at org.springframework.aop.framework.ReflectiveMethodInvocation.proceed(ReflectiveMethodInvocation.java:179)
	at org.springframework.aop.framework.CglibAopProxy$DynamicAdvisedInterceptor.intercept(CglibAopProxy.java:673)
	at com.gaea.game.base.dao.uid.impl.UidDaoImpl$$EnhancerBySpringCGLIB$$707b8690.run(<generated>)
	at org.springframework.boot.SpringApplication.callRunner(SpringApplication.java:776)
	... 6 common frames omitted
Caused by: com.mongodb.MongoTimeoutException: Timed out after 30000 ms while waiting for a server that matches WritableServerSelector. Client view of cluster state is {type=UNKNOWN, servers=[{address=localhost:27017, type=UNKNOWN, state=CONNECTING, exception={com.mongodb.MongoSocketOpenException: Exception opening socket}, caused by {java.net.ConnectException: Connection refused: connect}}]
	at com.mongodb.connection.BaseCluster.createTimeoutException(BaseCluster.java:377)
	at com.mongodb.connection.BaseCluster.selectServer(BaseCluster.java:104)
	at com.mongodb.binding.ClusterBinding$ClusterBindingConnectionSource.<init>(ClusterBinding.java:75)
	at com.mongodb.binding.ClusterBinding$ClusterBindingConnectionSource.<init>(ClusterBinding.java:71)
	at com.mongodb.binding.ClusterBinding.getWriteConnectionSource(ClusterBinding.java:68)
	at com.mongodb.operation.OperationHelper.withConnection(OperationHelper.java:411)
	at com.mongodb.operation.FindAndUpdateOperation.execute(FindAndUpdateOperation.java:331)
	at com.mongodb.Mongo.execute(Mongo.java:845)
	at com.mongodb.Mongo$2.execute(Mongo.java:828)
	at com.mongodb.DBCollection.findAndModify(DBCollection.java:1928)
	at com.mongodb.DBCollection.findAndModify(DBCollection.java:1792)
	at com.mongodb.DBCollection.findAndModify(DBCollection.java:1761)
	at com.mongodb.DBCollection.findAndModify(DBCollection.java:1708)
	at org.springframework.data.mongodb.core.MongoTemplate$FindAndModifyCallback.doInCollection(MongoTemplate.java:2269)
	at org.springframework.data.mongodb.core.MongoTemplate$FindAndModifyCallback.doInCollection(MongoTemplate.java:2251)
	at org.springframework.data.mongodb.core.MongoTemplate.executeFindOneInternal(MongoTemplate.java:1922)
	... 20 common frames omitted
2017-08-25 18:13:39 [main] INFO  - org.springframework.boot.context.embedded.AnnotationConfigEmbeddedWebApplicationContext - Closing org.springframework.boot.context.embedded.AnnotationConfigEmbeddedWebApplicationContext@3e694b3f: startup date [Fri Aug 25 18:13:07 CST 2017]; root of context hierarchy
2017-08-25 18:13:39 [main] INFO  - org.springframework.jmx.export.annotation.AnnotationMBeanExporter - Unregistering JMX-exposed beans on shutdown
2017-08-25 18:41:10 [main] INFO  - com.gaea.game.dataserver.DataServer - Starting DataServer on DESKTOP-B2NI8A2 with PID 6432 (E:\gaea\game\DataServer\target\classes started by alan in E:\gaea\game\DataServer)
2017-08-25 18:41:10 [main] INFO  - com.gaea.game.dataserver.DataServer - No active profile set, falling back to default profiles: default
2017-08-25 18:41:10 [main] INFO  - org.springframework.boot.context.embedded.AnnotationConfigEmbeddedWebApplicationContext - Refreshing org.springframework.boot.context.embedded.AnnotationConfigEmbeddedWebApplicationContext@3e694b3f: startup date [Fri Aug 25 18:41:10 CST 2017]; root of context hierarchy
2017-08-25 18:41:10 [background-preinit] INFO  - org.hibernate.validator.internal.util.Version - HV000001: Hibernate Validator 5.3.5.Final
2017-08-25 18:41:10 [main] INFO  - org.springframework.data.repository.config.RepositoryConfigurationDelegate - Multiple Spring Data modules found, entering strict repository configuration mode!
2017-08-25 18:41:10 [main] INFO  - org.springframework.data.repository.config.RepositoryConfigurationDelegate - Multiple Spring Data modules found, entering strict repository configuration mode!
2017-08-25 18:41:11 [main] INFO  - org.springframework.boot.context.embedded.tomcat.TomcatEmbeddedServletContainer - Tomcat initialized with port(s): 8080 (http)
2017-08-25 18:41:11 [main] INFO  - org.apache.catalina.core.StandardService - Starting service Tomcat
2017-08-25 18:41:11 [main] INFO  - org.apache.catalina.core.StandardEngine - Starting Servlet Engine: Apache Tomcat/8.5.14
2017-08-25 18:41:11 [localhost-startStop-1] INFO  - org.apache.catalina.core.ContainerBase.[Tomcat].[localhost].[/] - Initializing Spring embedded WebApplicationContext
2017-08-25 18:41:11 [localhost-startStop-1] INFO  - org.springframework.web.context.ContextLoader - Root WebApplicationContext: initialization completed in 1138 ms
2017-08-25 18:41:11 [localhost-startStop-1] INFO  - org.springframework.boot.web.servlet.ServletRegistrationBean - Mapping servlet: 'dispatcherServlet' to [/]
2017-08-25 18:41:11 [localhost-startStop-1] INFO  - org.springframework.boot.web.servlet.FilterRegistrationBean - Mapping filter: 'characterEncodingFilter' to: [/*]
2017-08-25 18:41:11 [localhost-startStop-1] INFO  - org.springframework.boot.web.servlet.FilterRegistrationBean - Mapping filter: 'hiddenHttpMethodFilter' to: [/*]
2017-08-25 18:41:11 [localhost-startStop-1] INFO  - org.springframework.boot.web.servlet.FilterRegistrationBean - Mapping filter: 'httpPutFormContentFilter' to: [/*]
2017-08-25 18:41:11 [localhost-startStop-1] INFO  - org.springframework.boot.web.servlet.FilterRegistrationBean - Mapping filter: 'requestContextFilter' to: [/*]
2017-08-25 18:41:11 [main] INFO  - com.gaea.game.base.config.RedisConfig - JedisConnectionFactory bean init success.
2017-08-25 18:41:11 [main] INFO  - org.mongodb.driver.cluster - Cluster created with settings {hosts=[192.168.7.30:27017], mode=SINGLE, requiredClusterType=UNKNOWN, serverSelectionTimeout='30000 ms', maxWaitQueueSize=500}
2017-08-25 18:41:11 [cluster-ClusterId{value='599ffec73466d01920b0ea91', description='null'}-192.168.7.30:27017] INFO  - org.mongodb.driver.connection - Opened connection [connectionId{localValue:1, serverValue:2}] to 192.168.7.30:27017
2017-08-25 18:41:11 [cluster-ClusterId{value='599ffec73466d01920b0ea91', description='null'}-192.168.7.30:27017] INFO  - org.mongodb.driver.cluster - Monitor thread successfully connected to server with description ServerDescription{address=192.168.7.30:27017, type=STANDALONE, state=CONNECTED, ok=true, version=ServerVersion{versionList=[3, 4, 7]}, minWireVersion=0, maxWireVersion=5, maxDocumentSize=16777216, roundTripTimeNanos=1073209}
2017-08-25 18:41:12 [main] INFO  - org.springframework.web.servlet.mvc.method.annotation.RequestMappingHandlerAdapter - Looking for @ControllerAdvice: org.springframework.boot.context.embedded.AnnotationConfigEmbeddedWebApplicationContext@3e694b3f: startup date [Fri Aug 25 18:41:10 CST 2017]; root of context hierarchy
2017-08-25 18:41:12 [main] INFO  - org.springframework.web.servlet.mvc.method.annotation.RequestMappingHandlerMapping - Mapped "{[/vertify/credential]}" onto public com.gaea.game.dataserver.data.VertifyResult com.gaea.game.dataserver.controller.VertifyController.vertify(com.gaea.game.base.data.VertifyInfo)
2017-08-25 18:41:12 [main] INFO  - org.springframework.web.servlet.mvc.method.annotation.RequestMappingHandlerMapping - Mapped "{[/error]}" onto public org.springframework.http.ResponseEntity<java.util.Map<java.lang.String, java.lang.Object>> org.springframework.boot.autoconfigure.web.BasicErrorController.error(javax.servlet.http.HttpServletRequest)
2017-08-25 18:41:12 [main] INFO  - org.springframework.web.servlet.mvc.method.annotation.RequestMappingHandlerMapping - Mapped "{[/error],produces=[text/html]}" onto public org.springframework.web.servlet.ModelAndView org.springframework.boot.autoconfigure.web.BasicErrorController.errorHtml(javax.servlet.http.HttpServletRequest,javax.servlet.http.HttpServletResponse)
2017-08-25 18:41:12 [main] INFO  - org.springframework.web.servlet.handler.SimpleUrlHandlerMapping - Mapped URL path [/webjars/**] onto handler of type [class org.springframework.web.servlet.resource.ResourceHttpRequestHandler]
2017-08-25 18:41:12 [main] INFO  - org.springframework.web.servlet.handler.SimpleUrlHandlerMapping - Mapped URL path [/**] onto handler of type [class org.springframework.web.servlet.resource.ResourceHttpRequestHandler]
2017-08-25 18:41:12 [main] INFO  - org.springframework.web.servlet.handler.SimpleUrlHandlerMapping - Mapped URL path [/**/favicon.ico] onto handler of type [class org.springframework.web.servlet.resource.ResourceHttpRequestHandler]
2017-08-25 18:41:12 [main] WARN  - org.springframework.boot.starter.redis.RedisStarterDeprecationWarningAutoConfiguration - spring-boot-starter-redis is deprecated as of Spring Boot 1.4, please migrate to spring-boot-starter-data-redis
2017-08-25 18:41:12 [main] INFO  - org.springframework.jmx.export.annotation.AnnotationMBeanExporter - Registering beans for JMX exposure on startup
2017-08-25 18:41:12 [main] INFO  - org.apache.coyote.http11.Http11NioProtocol - Initializing ProtocolHandler ["http-nio-8080"]
2017-08-25 18:41:12 [main] INFO  - org.apache.coyote.http11.Http11NioProtocol - Starting ProtocolHandler ["http-nio-8080"]
2017-08-25 18:41:12 [main] INFO  - org.apache.tomcat.util.net.NioSelectorPool - Using a shared selector for servlet write/read
2017-08-25 18:41:12 [main] INFO  - org.springframework.boot.context.embedded.tomcat.TomcatEmbeddedServletContainer - Tomcat started on port(s): 8080 (http)
2017-08-25 18:41:12 [main] INFO  - org.mongodb.driver.connection - Opened connection [connectionId{localValue:2, serverValue:3}] to 192.168.7.30:27017
2017-08-25 18:41:12 [main] INFO  - com.gaea.game.dataserver.DataServer - Started DataServer in 2.874 seconds (JVM running for 3.16)
